<?xml version="1.0" encoding="UTF-8"?>
<!-- Generated by org.testng.reporters.JUnitXMLReporter -->
<testsuite ignored="0" hostname="NASIB" failures="0" tests="22" name="Amazon Shopping Test Cases" time="214.899" errors="0" timestamp="2023-02-14T11:13:15 EST">
  <testcase classname="com.qa.amazon.testcases.LoginPageTest" name="loginPageTitleTest" time="0.028"/>
  <testcase classname="com.qa.amazon.testcases.LoginPageTest" name="AmazonLogoTest" time="0.137"/>
  <testcase classname="com.qa.amazon.testcases.LoginPageTest" name="loginTest" time="1.352"/>
  <testcase classname="com.qa.amazon.testcases.LoginPageTest" name="verifyCreateNewAccountTest" time="0.511"/>
  <testcase classname="com.qa.amazon.testcases.HomePageTest" name="verifyHomePageTitle" time="0.03"/>
  <testcase classname="com.qa.amazon.testcases.HomePageTest" name="validatesearchboxTest" time="1.974"/>
  <testcase classname="com.qa.amazon.testcases.HomePageTest" name="validateSearchBtnTest" time="2.127"/>
  <testcase classname="com.qa.amazon.testcases.HomePageTest" name="validateaccountListTest" time="2.019"/>
  <testcase classname="com.qa.amazon.testcases.HomePageTest" name="validateReturnOrderTest" time="1.958"/>
  <testcase classname="com.qa.amazon.testcases.HomePageTest" name="validateCartTest" time="1.996"/>
  <testcase classname="com.qa.amazon.testcases.HomePageTest" name="validateAddressLinkTest" time="2.438"/>
  <testcase classname="com.qa.amazon.testcases.HomePageTest" name="verifySearchTextBoxTest" time="2.208"/>
  <testcase classname="com.qa.amazon.testcases.HomePageTest" name="searchItemTest" time="4.809"/>
  <testcase classname="com.qa.amazon.testcases.HomePageTest" name="clickOnAccountListTest" time="2.894"/>
  <testcase classname="com.qa.amazon.testcases.SearchPageTest" name="searchField" time="0.055"/>
  <testcase classname="com.qa.amazon.testcases.SearchPageTest" name="verifySearchItem" time="0.057"/>
  <testcase classname="com.qa.amazon.testcases.SearchPageTest" name="clickOnSelectItemTest" time="4.219"/>
  <testcase classname="com.qa.amazon.testcases.AddItemToCartPageTest" name="clickOnAddToCartTest" time="5.692"/>
  <testcase classname="com.qa.amazon.testcases.PaymentPageTest" name="confirmAddressTest" time="0.091"/>
  <testcase classname="com.qa.amazon.testcases.CreateNewAccountPageTest" name="validateRegistrationPageTitle" time="0.042"/>
  <testcase classname="com.qa.amazon.testcases.CreateNewAccountPageTest" name="create" time="1.032"/>
  <testcase classname="com.qa.amazon.testcases.CreateNewAccountPageTest" name="clickOnVerifyBtnTest" time="0.149"/>
</testsuite> <!-- Amazon Shopping Test Cases -->
